# JRE version: Java(TM) SE Runtime Environment (23.0+37) (build 23+37-2369)
# Java VM: Java HotSpot(TM) 64-Bit Server VM (23+37-2369, mixed mode, sharing, tiered, compressed oops, compressed class ptrs, g1 gc, windows-amd64)
GC Precious Log:
 CardTable entry size: 512
 Card Set container configuration: InlinePtr #cards 5 size 8 Array Of Cards #cards 10 size 36 Howl #buckets 4 coarsen threshold 1843 Howl Bitmap #cards 512 size 80 coarsen threshold 460 Card regions per heap region 1 cards per card region 2048
 CPUs: 4 total, 4 available
 Memory: 8076M
 Large Page Support: Disabled
 NUMA Support: Disabled
 Compressed Oops: Enabled (32-bit)
 Heap Region Size: 1M
 Heap Min Capacity: 8M
 Heap Initial Capacity: 128M
 Heap Max Capacity: 2020M
 Pre-touch: Disabled
 Parallel Workers: 4
 Concurrent Workers: 1
 Concurrent Refinement Workers: 4
 Periodic GC: Disabled
Heap:
 garbage-first heap   total reserved 2068480K, committed 48128K, used 37935K [0x0000000081c00000, 0x0000000100000000)
  region size 1024K, 14 young (14336K), 3 survivors (3072K)
 Metaspace       used 63409K, committed 64000K, reserved 1114112K
  class space    used 8826K, committed 9088K, reserved 1048576K
GC Heap History (20 events):
Event: 3.877 GC heap before
{Heap before GC invocations=5 (full 0):
 garbage-first heap   total reserved 2068480K, committed 48128K, used 38897K [0x0000000081c00000, 0x0000000100000000)
  region size 1024K, 28 young (28672K), 3 survivors (3072K)
 Metaspace       used 24777K, committed 25152K, reserved 1114112K
  class space    used 3220K, committed 3392K, reserved 1048576K
}
Event: 3.881 GC heap after
{Heap after GC invocations=6 (full 0):
 garbage-first heap   total reserved 2068480K, committed 48128K, used 15592K [0x0000000081c00000, 0x0000000100000000)
  region size 1024K, 3 young (3072K), 3 survivors (3072K)
 Metaspace       used 24777K, committed 25152K, reserved 1114112K
  class space    used 3220K, committed 3392K, reserved 1048576K
}
Event: 4.527 GC heap before
{Heap before GC invocations=6 (full 0):
 garbage-first heap   total reserved 2068480K, committed 48128K, used 35048K [0x0000000081c00000, 0x0000000100000000)
  region size 1024K, 22 young (22528K), 3 survivors (3072K)
 Metaspace       used 27860K, committed 28224K, reserved 1114112K
  class space    used 3652K, committed 3840K, reserved 1048576K
}
Event: 4.531 GC heap after
{Heap after GC invocations=7 (full 0):
 garbage-first heap   total reserved 2068480K, committed 48128K, used 17405K [0x0000000081c00000, 0x0000000100000000)
  region size 1024K, 2 young (2048K), 2 survivors (2048K)
 Metaspace       used 27860K, committed 28224K, reserved 1114112K
  class space    used 3652K, committed 3840K, reserved 1048576K
}
Event: 5.236 GC heap before
{Heap before GC invocations=7 (full 0):
 garbage-first heap   total reserved 2068480K, committed 48128K, used 35837K [0x0000000081c00000, 0x0000000100000000)
  region size 1024K, 21 young (21504K), 2 survivors (2048K)
 Metaspace       used 31826K, committed 32256K, reserved 1114112K
  class space    used 4229K, committed 4416K, reserved 1048576K
}
Event: 5.242 GC heap after
{Heap after GC invocations=8 (full 0):
 garbage-first heap   total reserved 2068480K, committed 48128K, used 19305K [0x0000000081c00000, 0x0000000100000000)
  region size 1024K, 3 young (3072K), 3 survivors (3072K)
 Metaspace       used 31826K, committed 32256K, reserved 1114112K
  class space    used 4229K, committed 4416K, reserved 1048576K
}
Event: 5.863 GC heap before
{Heap before GC invocations=8 (full 0):
 garbage-first heap   total reserved 2068480K, committed 48128K, used 36713K [0x0000000081c00000, 0x0000000100000000)
  region size 1024K, 21 young (21504K), 3 survivors (3072K)
 Metaspace       used 35088K, committed 35648K, reserved 1114112K
  class space    used 4644K, committed 4864K, reserved 1048576K
}
Event: 5.868 GC heap after
{Heap after GC invocations=9 (full 0):
 garbage-first heap   total reserved 2068480K, committed 48128K, used 21041K [0x0000000081c00000, 0x0000000100000000)
  region size 1024K, 2 young (2048K), 2 survivors (2048K)
 Metaspace       used 35088K, committed 35648K, reserved 1114112K
  class space    used 4644K, committed 4864K, reserved 1048576K
}
Event: 5.933 GC heap before
{Heap before GC invocations=9 (full 0):
 garbage-first heap   total reserved 2068480K, committed 48128K, used 22065K [0x0000000081c00000, 0x0000000100000000)
  region size 1024K, 4 young (4096K), 2 survivors (2048K)
 Metaspace       used 35469K, committed 35968K, reserved 1114112K
  class space    used 4708K, committed 4928K, reserved 1048576K
}
Event: 5.935 GC heap after
{Heap after GC invocations=10 (full 0):
 garbage-first heap   total reserved 2068480K, committed 48128K, used 21101K [0x0000000081c00000, 0x0000000100000000)
  region size 1024K, 2 young (2048K), 2 survivors (2048K)
 Metaspace       used 35469K, committed 35968K, reserved 1114112K
  class space    used 4708K, committed 4928K, reserved 1048576K
}
Event: 6.896 GC heap before
{Heap before GC invocations=11 (full 0):
 garbage-first heap   total reserved 2068480K, committed 48128K, used 39533K [0x0000000081c00000, 0x0000000100000000)
  region size 1024K, 20 young (20480K), 2 survivors (2048K)
 Metaspace       used 40141K, committed 40704K, reserved 1114112K
  class space    used 5510K, committed 5760K, reserved 1048576K
}
Event: 6.899 GC heap after
{Heap after GC invocations=12 (full 0):
 garbage-first heap   total reserved 2068480K, committed 48128K, used 22211K [0x0000000081c00000, 0x0000000100000000)
  region size 1024K, 3 young (3072K), 3 survivors (3072K)
 Metaspace       used 40141K, committed 40704K, reserved 1114112K
  class space    used 5510K, committed 5760K, reserved 1048576K
}
Event: 7.589 GC heap before
{Heap before GC invocations=12 (full 0):
 garbage-first heap   total reserved 2068480K, committed 48128K, used 39619K [0x0000000081c00000, 0x0000000100000000)
  region size 1024K, 21 young (21504K), 3 survivors (3072K)
 Metaspace       used 45697K, committed 46272K, reserved 1114112K
  class space    used 6218K, committed 6464K, reserved 1048576K
}
Event: 7.594 GC heap after
{Heap after GC invocations=13 (full 0):
 garbage-first heap   total reserved 2068480K, committed 48128K, used 23860K [0x0000000081c00000, 0x0000000100000000)
  region size 1024K, 3 young (3072K), 3 survivors (3072K)
 Metaspace       used 45697K, committed 46272K, reserved 1114112K
  class space    used 6218K, committed 6464K, reserved 1048576K
}
Event: 8.140 GC heap before
{Heap before GC invocations=13 (full 0):
 garbage-first heap   total reserved 2068480K, committed 48128K, used 40244K [0x0000000081c00000, 0x0000000100000000)
  region size 1024K, 20 young (20480K), 3 survivors (3072K)
 Metaspace       used 50027K, committed 50560K, reserved 1114112K
  class space    used 6746K, committed 6976K, reserved 1048576K
}
Event: 8.144 GC heap after
{Heap after GC invocations=14 (full 0):
 garbage-first heap   total reserved 2068480K, committed 48128K, used 25243K [0x0000000081c00000, 0x0000000100000000)
  region size 1024K, 2 young (2048K), 2 survivors (2048K)
 Metaspace       used 50027K, committed 50560K, reserved 1114112K
  class space    used 6746K, committed 6976K, reserved 1048576K
}
Event: 9.471 GC heap before
{Heap before GC invocations=14 (full 0):
 garbage-first heap   total reserved 2068480K, committed 48128K, used 40603K [0x0000000081c00000, 0x0000000100000000)
  region size 1024K, 18 young (18432K), 2 survivors (2048K)
 Metaspace       used 55519K, committed 56128K, reserved 1114112K
  class space    used 7677K, committed 7936K, reserved 1048576K
}
Event: 9.473 GC heap after
{Heap after GC invocations=15 (full 0):
 garbage-first heap   total reserved 2068480K, committed 48128K, used 25932K [0x0000000081c00000, 0x0000000100000000)
  region size 1024K, 3 young (3072K), 3 survivors (3072K)
 Metaspace       used 55519K, committed 56128K, reserved 1114112K
  class space    used 7677K, committed 7936K, reserved 1048576K
}
Event: 18.220 GC heap before
{Heap before GC invocations=16 (full 0):
 garbage-first heap   total reserved 2068480K, committed 48128K, used 39244K [0x0000000081c00000, 0x0000000100000000)
  region size 1024K, 17 young (17408K), 3 survivors (3072K)
 Metaspace       used 58943K, committed 59648K, reserved 1114112K
  class space    used 8221K, committed 8512K, reserved 1048576K
}
Event: 18.223 GC heap after
{Heap after GC invocations=17 (full 0):
 garbage-first heap   total reserved 2068480K, committed 48128K, used 26721K [0x0000000081c00000, 0x0000000100000000)
  region size 1024K, 2 young (2048K), 2 survivors (2048K)
 Metaspace       used 58943K, committed 59648K, reserved 1114112K
  class space    used 8221K, committed 8512K, reserved 1048576K
}

