# JRE version: Java(TM) SE Runtime Environment (23.0+37) (build 23+37-2369)
# Java VM: Java HotSpot(TM) 64-Bit Server VM (23+37-2369, mixed mode, sharing, tiered, compressed oops, compressed class ptrs, g1 gc, windows-amd64)
GC Precious Log:
 CardTable entry size: 512
 Card Set container configuration: InlinePtr #cards 5 size 8 Array Of Cards #cards 10 size 36 Howl #buckets 4 coarsen threshold 1843 Howl Bitmap #cards 512 size 80 coarsen threshold 460 Card regions per heap region 1 cards per card region 2048
 CPUs: 4 total, 4 available
 Memory: 8076M
 Large Page Support: Disabled
 NUMA Support: Disabled
 Compressed Oops: Enabled (32-bit)
 Heap Region Size: 1M
 Heap Min Capacity: 8M
 Heap Initial Capacity: 128M
 Heap Max Capacity: 2020M
 Pre-touch: Disabled
 Parallel Workers: 4
 Concurrent Workers: 1
 Concurrent Refinement Workers: 4
 Periodic GC: Disabled
Heap:
 garbage-first heap   total reserved 2068480K, committed 48128K, used 34398K [0x0000000081c00000, 0x0000000100000000)
  region size 1024K, 10 young (10240K), 3 survivors (3072K)
 Metaspace       used 63177K, committed 63872K, reserved 1114112K
  class space    used 8814K, committed 9088K, reserved 1048576K
GC Heap History (20 events):
Event: 4.282 GC heap before
{Heap before GC invocations=6 (full 0):
 garbage-first heap   total reserved 2068480K, committed 48128K, used 34410K [0x0000000081c00000, 0x0000000100000000)
  region size 1024K, 22 young (22528K), 3 survivors (3072K)
 Metaspace       used 27864K, committed 28352K, reserved 1114112K
  class space    used 3649K, committed 3840K, reserved 1048576K
}
Event: 4.287 GC heap after
{Heap after GC invocations=7 (full 0):
 garbage-first heap   total reserved 2068480K, committed 48128K, used 17392K [0x0000000081c00000, 0x0000000100000000)
  region size 1024K, 2 young (2048K), 2 survivors (2048K)
 Metaspace       used 27864K, committed 28352K, reserved 1114112K
  class space    used 3649K, committed 3840K, reserved 1048576K
}
Event: 5.203 GC heap before
{Heap before GC invocations=7 (full 0):
 garbage-first heap   total reserved 2068480K, committed 48128K, used 36848K [0x0000000081c00000, 0x0000000100000000)
  region size 1024K, 21 young (21504K), 2 survivors (2048K)
 Metaspace       used 31626K, committed 32128K, reserved 1114112K
  class space    used 4204K, committed 4416K, reserved 1048576K
}
Event: 5.213 GC heap after
{Heap after GC invocations=8 (full 0):
 garbage-first heap   total reserved 2068480K, committed 48128K, used 19579K [0x0000000081c00000, 0x0000000100000000)
  region size 1024K, 3 young (3072K), 3 survivors (3072K)
 Metaspace       used 31626K, committed 32128K, reserved 1114112K
  class space    used 4204K, committed 4416K, reserved 1048576K
}
Event: 6.175 GC heap before
{Heap before GC invocations=8 (full 0):
 garbage-first heap   total reserved 2068480K, committed 48128K, used 36987K [0x0000000081c00000, 0x0000000100000000)
  region size 1024K, 21 young (21504K), 3 survivors (3072K)
 Metaspace       used 35020K, committed 35520K, reserved 1114112K
  class space    used 4624K, committed 4864K, reserved 1048576K
}
Event: 6.179 GC heap after
{Heap after GC invocations=9 (full 0):
 garbage-first heap   total reserved 2068480K, committed 48128K, used 21521K [0x0000000081c00000, 0x0000000100000000)
  region size 1024K, 2 young (2048K), 2 survivors (2048K)
 Metaspace       used 35020K, committed 35520K, reserved 1114112K
  class space    used 4624K, committed 4864K, reserved 1048576K
}
Event: 6.262 GC heap before
{Heap before GC invocations=9 (full 0):
 garbage-first heap   total reserved 2068480K, committed 48128K, used 23569K [0x0000000081c00000, 0x0000000100000000)
  region size 1024K, 5 young (5120K), 2 survivors (2048K)
 Metaspace       used 35493K, committed 35968K, reserved 1114112K
  class space    used 4706K, committed 4928K, reserved 1048576K
}
Event: 6.265 GC heap after
{Heap after GC invocations=10 (full 0):
 garbage-first heap   total reserved 2068480K, committed 48128K, used 21335K [0x0000000081c00000, 0x0000000100000000)
  region size 1024K, 2 young (2048K), 2 survivors (2048K)
 Metaspace       used 35493K, committed 35968K, reserved 1114112K
  class space    used 4706K, committed 4928K, reserved 1048576K
}
Event: 6.787 GC heap before
{Heap before GC invocations=11 (full 0):
 garbage-first heap   total reserved 2068480K, committed 48128K, used 40791K [0x0000000081c00000, 0x0000000100000000)
  region size 1024K, 21 young (21504K), 2 survivors (2048K)
 Metaspace       used 40435K, committed 41024K, reserved 1114112K
  class space    used 5543K, committed 5824K, reserved 1048576K
}
Event: 6.790 GC heap after
{Heap after GC invocations=12 (full 0):
 garbage-first heap   total reserved 2068480K, committed 48128K, used 22350K [0x0000000081c00000, 0x0000000100000000)
  region size 1024K, 3 young (3072K), 3 survivors (3072K)
 Metaspace       used 40435K, committed 41024K, reserved 1114112K
  class space    used 5543K, committed 5824K, reserved 1048576K
}
Event: 7.272 GC heap before
{Heap before GC invocations=12 (full 0):
 garbage-first heap   total reserved 2068480K, committed 48128K, used 39758K [0x0000000081c00000, 0x0000000100000000)
  region size 1024K, 21 young (21504K), 3 survivors (3072K)
 Metaspace       used 45944K, committed 46528K, reserved 1114112K
  class space    used 6237K, committed 6528K, reserved 1048576K
}
Event: 7.276 GC heap after
{Heap after GC invocations=13 (full 0):
 garbage-first heap   total reserved 2068480K, committed 48128K, used 24018K [0x0000000081c00000, 0x0000000100000000)
  region size 1024K, 3 young (3072K), 3 survivors (3072K)
 Metaspace       used 45944K, committed 46528K, reserved 1114112K
  class space    used 6237K, committed 6528K, reserved 1048576K
}
Event: 7.717 GC heap before
{Heap before GC invocations=13 (full 0):
 garbage-first heap   total reserved 2068480K, committed 48128K, used 40402K [0x0000000081c00000, 0x0000000100000000)
  region size 1024K, 20 young (20480K), 3 survivors (3072K)
 Metaspace       used 50114K, committed 50752K, reserved 1114112K
  class space    used 6745K, committed 7040K, reserved 1048576K
}
Event: 7.721 GC heap after
{Heap after GC invocations=14 (full 0):
 garbage-first heap   total reserved 2068480K, committed 48128K, used 25835K [0x0000000081c00000, 0x0000000100000000)
  region size 1024K, 2 young (2048K), 2 survivors (2048K)
 Metaspace       used 50114K, committed 50752K, reserved 1114112K
  class space    used 6745K, committed 7040K, reserved 1048576K
}
Event: 8.120 GC heap before
{Heap before GC invocations=14 (full 0):
 garbage-first heap   total reserved 2068480K, committed 48128K, used 41195K [0x0000000081c00000, 0x0000000100000000)
  region size 1024K, 18 young (18432K), 2 survivors (2048K)
 Metaspace       used 55480K, committed 56064K, reserved 1114112K
  class space    used 7664K, committed 7936K, reserved 1048576K
}
Event: 8.123 GC heap after
{Heap after GC invocations=15 (full 0):
 garbage-first heap   total reserved 2068480K, committed 48128K, used 26262K [0x0000000081c00000, 0x0000000100000000)
  region size 1024K, 2 young (2048K), 2 survivors (2048K)
 Metaspace       used 55480K, committed 56064K, reserved 1114112K
  class space    used 7664K, committed 7936K, reserved 1048576K
}
Event: 9.852 GC heap before
{Heap before GC invocations=16 (full 0):
 garbage-first heap   total reserved 2068480K, committed 48128K, used 41622K [0x0000000081c00000, 0x0000000100000000)
  region size 1024K, 18 young (18432K), 2 survivors (2048K)
 Metaspace       used 59134K, committed 59776K, reserved 1114112K
  class space    used 8238K, committed 8512K, reserved 1048576K
}
Event: 9.856 GC heap after
{Heap after GC invocations=17 (full 0):
 garbage-first heap   total reserved 2068480K, committed 48128K, used 27431K [0x0000000081c00000, 0x0000000100000000)
  region size 1024K, 2 young (2048K), 2 survivors (2048K)
 Metaspace       used 59134K, committed 59776K, reserved 1114112K
  class space    used 8238K, committed 8512K, reserved 1048576K
}
Event: 12.088 GC heap before
{Heap before GC invocations=17 (full 0):
 garbage-first heap   total reserved 2068480K, committed 48128K, used 41767K [0x0000000081c00000, 0x0000000100000000)
  region size 1024K, 17 young (17408K), 2 survivors (2048K)
 Metaspace       used 62473K, committed 63040K, reserved 1114112K
  class space    used 8707K, committed 8960K, reserved 1048576K
}
Event: 12.109 GC heap after
{Heap after GC invocations=18 (full 0):
 garbage-first heap   total reserved 2068480K, committed 48128K, used 28254K [0x0000000081c00000, 0x0000000100000000)
  region size 1024K, 3 young (3072K), 3 survivors (3072K)
 Metaspace       used 62473K, committed 63040K, reserved 1114112K
  class space    used 8707K, committed 8960K, reserved 1048576K
}

